Engine::processInputQuery: Input query (before preprocessing): 33 equations, 193 variables
Engine::processInputQuery: Input query (after preprocessing): 0 equations, 225 variables

Input bounds:
	x0: [  0.4330,   0.4330] [FIXED]
	x1: [  0.4415,   0.4415] [FIXED]
	x2: [  0.5713,   0.5713] [FIXED]
	x3: [  0.5595,   0.5595] [FIXED]
	x4: [  0.5637,   0.5637] [FIXED]
	x5: [  0.5117,   0.5117] [FIXED]
	x6: [  0.5881,   0.5881] [FIXED]
	x7: [  0.5423,   0.5423] [FIXED]
	x8: [  0.6744,   0.6744] [FIXED]
	x9: [  0.5573,   0.5573] [FIXED]
	x10: [  0.5561,   0.5561] [FIXED]
	x11: [  0.5556,   0.5556] [FIXED]
	x12: [  0.5553,   0.5553] [FIXED]
	x13: [  0.5627,   0.5627] [FIXED]
	x14: [  0.5553,   0.5553] [FIXED]
	x15: [  0.5536,   0.5536] [FIXED]
	x16: [  0.5936,   0.5936] [FIXED]
	x17: [  0.5666,   0.5666] [FIXED]
	x18: [  0.4421,   0.4421] [FIXED]
	x19: [  0.4715,   0.4715] [FIXED]
	x20: [  0.4977,   0.4977] [FIXED]
	x21: [  0.3734,   0.3734] [FIXED]
	x22: [  0.3822,   0.3822] [FIXED]
	x23: [  0.3962,   0.3962] [FIXED]
	x24: [  0.5913,   0.5913] [FIXED]
	x25: [  0.6168,   0.6168] [FIXED]
	x26: [  0.6028,   0.6028] [FIXED]
	x27: [  0.4317,   0.4317] [FIXED]
	x28: [  0.4401,   0.4401] [FIXED]
	x29: [  0.5671,   0.5671] [FIXED]
	x30: [  0.4954,   0.4954] [FIXED]
	x31: [  0.5634,   0.5634] [FIXED]
	x32: [  0.4347,   0.4347] [FIXED]
	x33: [  0.3170,   0.3170] [FIXED]
	x34: [  0.4813,   0.4813] [FIXED]
	x35: [  0.5041,   0.5041] [FIXED]
	x36: [  0.5159,   0.5159] [FIXED]
	x37: [  0.3854,   0.3854] [FIXED]
	x38: [  0.3957,   0.3957] [FIXED]
	x39: [  0.5482,   0.5482] [FIXED]
	x40: [  0.4141,   0.4141] [FIXED]
	x41: [  0.4266,   0.4266] [FIXED]
	x42: [  0.6232,   0.6232] [FIXED]
	x43: [  0.6241,   0.6241] [FIXED]
	x44: [  0.5320,   0.5320] [FIXED]
	x45: [  0.5600,   0.5600] [FIXED]
	x46: [  0.5585,   0.5585] [FIXED]
	x47: [  0.5570,   0.5570] [FIXED]
	x48: [  0.4573,   0.4573] [FIXED]
	x49: [  0.3491,   0.3491] [FIXED]
	x50: [  0.3526,   0.3526] [FIXED]
	x51: [  0.5117,   0.5117] [FIXED]
	x52: [  0.5288,   0.5288] [FIXED]
	x53: [  0.5345,   0.5345] [FIXED]
	x54: [  0.5377,   0.5377] [FIXED]
	x55: [  0.5453,   0.5453] [FIXED]
	x56: [  0.5590,   0.5590] [FIXED]
	x57: [  0.4244,   0.4244] [FIXED]
	x58: [  0.5715,   0.5715] [FIXED]
	x59: [  0.4315,   0.4315] [FIXED]
	x60: [  0.6202,   0.6202] [FIXED]
	x61: [  0.6153,   0.6153] [FIXED]
	x62: [  0.4509,   0.4509] [FIXED]
	x63: [  0.4239,   0.4239] [FIXED]
	x64: [  0.4818,   0.4818] [FIXED]
	x65: [  0.4894,   0.4894] [FIXED]
	x66: [  0.3980,   0.3980] [FIXED]
	x67: [  0.3849,   0.3849] [FIXED]
	x68: [  0.3837,   0.3837] [FIXED]
	x69: [  0.4063,   0.4063] [FIXED]
	x70: [  0.4067,   0.4067] [FIXED]
	x71: [  0.5558,   0.5558] [FIXED]
	x72: [  0.4234,   0.4234] [FIXED]
	x73: [  0.5585,   0.5585] [FIXED]
	x74: [  0.4249,   0.4249] [FIXED]
	x75: [  0.4366,   0.4366] [FIXED]
	x76: [  0.4332,   0.4332] [FIXED]
	x77: [  0.6519,   0.6519] [FIXED]
	x78: [  0.6033,   0.6033] [FIXED]
	x79: [  0.6072,   0.6072] [FIXED]
	x80: [  0.5252,   0.5252] [FIXED]
	x81: [  0.5333,   0.5333] [FIXED]
	x82: [  0.5360,   0.5360] [FIXED]
	x83: [  0.3903,   0.3903] [FIXED]
	x84: [  0.5357,   0.5357] [FIXED]
	x85: [  0.5514,   0.5514] [FIXED]
	x86: [  0.4276,   0.4276] [FIXED]
	x87: [  0.4075,   0.4075] [FIXED]
	x88: [  0.4146,   0.4146] [FIXED]
	x89: [  0.4286,   0.4286] [FIXED]
	x90: [  0.5833,   0.5833] [FIXED]
	x91: [  0.4379,   0.4379] [FIXED]
	x92: [  0.4406,   0.4406] [FIXED]
	x93: [  0.4425,   0.4425] [FIXED]
	x94: [  0.4349,   0.4349] [FIXED]
	x95: [  0.5957,   0.5957] [FIXED]
	x96: [  0.5394,   0.5394] [FIXED]
	x97: [  0.3884,   0.3884] [FIXED]
	x98: [  0.5350,   0.5350] [FIXED]
	x99: [  0.5436,   0.5436] [FIXED]
	x100: [  0.4202,   0.4202] [FIXED]
	x101: [  0.4359,   0.4359] [FIXED]
	x102: [  0.4286,   0.4286] [FIXED]
	x103: [  0.5617,   0.5617] [FIXED]
	x104: [  0.4197,   0.4197] [FIXED]
	x105: [  0.4438,   0.4438] [FIXED]
	x106: [  0.4364,   0.4364] [FIXED]
	x107: [  0.4430,   0.4430] [FIXED]
	x108: [  0.4474,   0.4474] [FIXED]
	x109: [  0.4550,   0.4550] [FIXED]
	x110: [  0.4523,   0.4523] [FIXED]
	x111: [  0.4440,   0.4440] [FIXED]
	x112: [  0.5411,   0.5411] [FIXED]
	x113: [  0.4192,   0.4192] [FIXED]
	x114: [  0.4450,   0.4450] [FIXED]
	x115: [  0.5742,   0.5742] [FIXED]
	x116: [  0.5661,   0.5661] [FIXED]
	x117: [  0.5568,   0.5568] [FIXED]
	x118: [  0.4129,   0.4129] [FIXED]
	x119: [  0.5622,   0.5622] [FIXED]
	x120: [  0.4352,   0.4352] [FIXED]
	x121: [  0.4342,   0.4342] [FIXED]
	x122: [  0.4386,   0.4386] [FIXED]
	x123: [  0.4332,   0.4332] [FIXED]
	x124: [  0.4455,   0.4455] [FIXED]
	x125: [  0.4580,   0.4580] [FIXED]
	x126: [  0.4560,   0.4560] [FIXED]
	x127: [  0.4575,   0.4575] [FIXED]

Optimize: 0Engine::Solving SAT Problem
Engine::solve: Initial statistics

12:20:37 Statistics update:
	--- Time Statistics ---
	Total time elapsed: 4 milli (00:00:00)
		Main loop: 0 milli (00:00:00)
		Preprocessing time: 4 milli (00:00:00)
		Unknown: 0 milli (00:00:00)
	Breakdown for main loop:
		[0.00%] Simplex steps: 0 milli
		[0.00%] Explicit-basis bound tightening: 0 milli
		[0.00%] Constraint-matrix bound tightening: 0 milli
		[0.00%] Degradation checking: 0 milli
		[0.00%] Precision restoration: 0 milli
		[0.00%] Statistics handling: 0 milli
		[0.00%] Constraint-fixing steps: 0 milli
		[0.00%] Valid case splits: 0 milli. Average per split: 0.00 milli
		[0.00%] Applying stored bound-tightening: 0 milli
		[0.00%] SMT core: 0 milli
		[0.00%] Symbolic Bound Tightening: 0 milli
		[0.00%] Unaccounted for: 0 milli
	--- Preprocessor Statistics ---
	Number of preprocessor bound-tightening loop iterations: 5
	Number of eliminated variables: 0
	Number of constraints removed due to variable elimination: 0
	Number of equations removed due to variable elimination: 0
	--- Engine Statistics ---
	Number of main loop iterations: 0
		0 iterations were simplex steps. Total time: 0 milli. Average: 0.00 milli.
		0 iterations were constraint-fixing steps. Total time: 0 milli. Average: 0.00 milli
	Number of active piecewise-linear constraints: 32 / 32
		Constraints disabled by valid splits: 0. By SMT-originated splits: 0
	Last reported degradation: 0.0000000000. Max degradation so far: 0.0000000000. Restorations so far: 0
	Number of simplex pivots we attempted to skip because of instability: 0.
	Unstable pivots performed anyway: 0
	--- Tableau Statistics ---
	Total number of pivots performed: 0
		Real pivots: 0. Degenerate: 0 (0.00%)
		Degenerate pivots by request (e.g., to fix a PL constraint): 0 (0.00%)
		Average time per pivot: 0.00 milli
	Total number of fake pivots performed: 0
	Total number of rows added: 0. Number of merged columns: 0
	Current tableau dimensions: M = 0, N = 225
	--- SMT Core Statistics ---
	Total depth is 0. Total visited states: 1. Number of splits: 0. Number of pops: 0
	Max stack depth: 0
	--- Bound Tightening Statistics ---
	Number of tightened bounds: 0.
		Number of rows examined by row tightener: 0. Consequent tightenings: 0
		Number of explicit basis matrices examined by row tightener: 0. Consequent tightenings: 0
		Number of bound tightening rounds on the entire constraint matrix: 0. Consequent tightenings: 0
		Number of bound notifications sent to PL constraints: 0. Tightenings proposed: 0
	--- Basis Factorization statistics ---
	Number of basis refactorizations: 2
	--- Projected Steepest Edge Statistics ---
	Number of iterations: 0.
	Number of resets to reference space: 1. Avg. iterations per reset: 0
	--- SBT ---
	Number of tightened bounds: 0

---

Engine::solve: SAT assignment found

12:20:37 Statistics update:
	--- Time Statistics ---
	Total time elapsed: 5 milli (00:00:00)
		Main loop: 0 milli (00:00:00)
		Preprocessing time: 4 milli (00:00:00)
		Unknown: 0 milli (00:00:00)
	Breakdown for main loop:
		[0.00%] Simplex steps: 0 milli
		[0.00%] Explicit-basis bound tightening: 0 milli
		[0.00%] Constraint-matrix bound tightening: 0 milli
		[0.00%] Degradation checking: 0 milli
		[0.00%] Precision restoration: 0 milli
		[0.00%] Statistics handling: 0 milli
		[0.00%] Constraint-fixing steps: 0 milli
		[0.00%] Valid case splits: 0 milli. Average per split: 0.00 milli
		[0.00%] Applying stored bound-tightening: 0 milli
		[0.00%] SMT core: 0 milli
		[0.00%] Symbolic Bound Tightening: 0 milli
		[0.00%] Unaccounted for: 0 milli
	--- Preprocessor Statistics ---
	Number of preprocessor bound-tightening loop iterations: 5
	Number of eliminated variables: 0
	Number of constraints removed due to variable elimination: 0
	Number of equations removed due to variable elimination: 0
	--- Engine Statistics ---
	Number of main loop iterations: 1
		0 iterations were simplex steps. Total time: 0 milli. Average: 0.00 milli.
		0 iterations were constraint-fixing steps. Total time: 0 milli. Average: 0.00 milli
	Number of active piecewise-linear constraints: 32 / 32
		Constraints disabled by valid splits: 0. By SMT-originated splits: 0
	Last reported degradation: 0.0000000000. Max degradation so far: 0.0000000000. Restorations so far: 0
	Number of simplex pivots we attempted to skip because of instability: 0.
	Unstable pivots performed anyway: 0
	--- Tableau Statistics ---
	Total number of pivots performed: 0
		Real pivots: 0. Degenerate: 0 (0.00%)
		Degenerate pivots by request (e.g., to fix a PL constraint): 0 (0.00%)
		Average time per pivot: 0.00 milli
	Total number of fake pivots performed: 0
	Total number of rows added: 0. Number of merged columns: 0
	Current tableau dimensions: M = 0, N = 225
	--- SMT Core Statistics ---
	Total depth is 0. Total visited states: 1. Number of splits: 0. Number of pops: 0
	Max stack depth: 0
	--- Bound Tightening Statistics ---
	Number of tightened bounds: 0.
		Number of rows examined by row tightener: 0. Consequent tightenings: 0
		Number of explicit basis matrices examined by row tightener: 1. Consequent tightenings: 0
		Number of bound tightening rounds on the entire constraint matrix: 0. Consequent tightenings: 0
		Number of bound notifications sent to PL constraints: 0. Tightenings proposed: 0
	--- Basis Factorization statistics ---
	Number of basis refactorizations: 2
	--- Projected Steepest Edge Statistics ---
	Number of iterations: 0.
	Number of resets to reference space: 1. Avg. iterations per reset: 0
	--- SBT ---
	Number of tightened bounds: 0
